2022-10-29 00:02:22 Notice: Notice (1024): Undefined property: ErrorController::$Auth in C:\wamp64\www\curso\cakephp\src\Controller\AppController.php on line 93 in [C:\wamp64\www\curso\cakephp\vendor\cakephp\cakephp\src\Controller\Controller.php, line 384]
Request URL: /js/jquery-3.6.0.js
Referer URL: http://localhost/curso/cakephp/users/login
Trace:
Cake\Error\BaseErrorHandler::handleError() - CORE\src\Error\BaseErrorHandler.php, line 168
Cake\Core\BasePlugin::{closure}() - ROOT\vendor\cakephp\debug_kit\config\bootstrap.php, line 43
Cake\Controller\Controller::__get() - CORE\src\Controller\Controller.php, line 384
App\Controller\AppController::beforeRender() - APP/Controller\AppController.php, line 93
App\Controller\ErrorController::beforeRender() - APP/Controller\ErrorController.php, line 56
Cake\Event\EventManager::_callListener() - CORE\src\Event\EventManager.php, line 351
Cake\Event\EventManager::dispatch() - CORE\src\Event\EventManager.php, line 328
Cake\Controller\Controller::dispatchEvent() - CORE\src\Event\EventDispatcherTrait.php, line 112
Cake\Controller\Controller::render() - CORE\src\Controller\Controller.php, line 778
Cake\Error\ExceptionRenderer::_outputMessage() - CORE\src\Error\ExceptionRenderer.php, line 369
Cake\Error\ExceptionRenderer::render() - CORE\src\Error\ExceptionRenderer.php, line 243
Cake\Error\Middleware\ErrorHandlerMiddleware::handleException() - CORE\src\Error\Middleware\ErrorHandlerMiddleware.php, line 120
Cake\Error\Middleware\ErrorHandlerMiddleware::__invoke() - CORE\src\Error\Middleware\ErrorHandlerMiddleware.php, line 102
Cake\Http\Runner::__invoke() - CORE\src\Http\Runner.php, line 65
DebugKit\Middleware\DebugKitMiddleware::__invoke() - ROOT\vendor\cakephp\debug_kit\src\Middleware\DebugKitMiddleware.php, line 53
Cake\Http\Runner::__invoke() - CORE\src\Http\Runner.php, line 65
Cake\Http\Runner::run() - CORE\src\Http\Runner.php, line 51
Cake\Http\Server::run() - CORE\src\Http\Server.php, line 97
[main] - ROOT\webroot\index.php, line 40



2022-10-29 00:02:22 Notice: Notice (1024): Undefined property: ErrorController::$Auth in C:\wamp64\www\curso\cakephp\src\Controller\AppController.php on line 93 in [C:\wamp64\www\curso\cakephp\vendor\cakephp\cakephp\src\Controller\Controller.php, line 384]
Request URL: /js/jquery-ui.js
Referer URL: http://localhost/curso/cakephp/users/login
Trace:
Cake\Error\BaseErrorHandler::handleError() - CORE\src\Error\BaseErrorHandler.php, line 168
Cake\Core\BasePlugin::{closure}() - ROOT\vendor\cakephp\debug_kit\config\bootstrap.php, line 43
Cake\Controller\Controller::__get() - CORE\src\Controller\Controller.php, line 384
App\Controller\AppController::beforeRender() - APP/Controller\AppController.php, line 93
App\Controller\ErrorController::beforeRender() - APP/Controller\ErrorController.php, line 56
Cake\Event\EventManager::_callListener() - CORE\src\Event\EventManager.php, line 351
Cake\Event\EventManager::dispatch() - CORE\src\Event\EventManager.php, line 328
Cake\Controller\Controller::dispatchEvent() - CORE\src\Event\EventDispatcherTrait.php, line 112
Cake\Controller\Controller::render() - CORE\src\Controller\Controller.php, line 778
Cake\Error\ExceptionRenderer::_outputMessage() - CORE\src\Error\ExceptionRenderer.php, line 369
Cake\Error\ExceptionRenderer::render() - CORE\src\Error\ExceptionRenderer.php, line 243
Cake\Error\Middleware\ErrorHandlerMiddleware::handleException() - CORE\src\Error\Middleware\ErrorHandlerMiddleware.php, line 120
Cake\Error\Middleware\ErrorHandlerMiddleware::__invoke() - CORE\src\Error\Middleware\ErrorHandlerMiddleware.php, line 102
Cake\Http\Runner::__invoke() - CORE\src\Http\Runner.php, line 65
DebugKit\Middleware\DebugKitMiddleware::__invoke() - ROOT\vendor\cakephp\debug_kit\src\Middleware\DebugKitMiddleware.php, line 53
Cake\Http\Runner::__invoke() - CORE\src\Http\Runner.php, line 65
Cake\Http\Runner::run() - CORE\src\Http\Runner.php, line 51
Cake\Http\Server::run() - CORE\src\Http\Server.php, line 97
[main] - ROOT\webroot\index.php, line 40



2022-10-29 00:02:22 Notice: Notice (1024): Undefined property: ErrorController::$Auth in C:\wamp64\www\curso\cakephp\src\Controller\AppController.php on line 93 in [C:\wamp64\www\curso\cakephp\vendor\cakephp\cakephp\src\Controller\Controller.php, line 384]
Request URL: /js/jquery.mask.min.js
Referer URL: http://localhost/curso/cakephp/users/login
Trace:
Cake\Error\BaseErrorHandler::handleError() - CORE\src\Error\BaseErrorHandler.php, line 168
Cake\Core\BasePlugin::{closure}() - ROOT\vendor\cakephp\debug_kit\config\bootstrap.php, line 43
Cake\Controller\Controller::__get() - CORE\src\Controller\Controller.php, line 384
App\Controller\AppController::beforeRender() - APP/Controller\AppController.php, line 93
App\Controller\ErrorController::beforeRender() - APP/Controller\ErrorController.php, line 56
Cake\Event\EventManager::_callListener() - CORE\src\Event\EventManager.php, line 351
Cake\Event\EventManager::dispatch() - CORE\src\Event\EventManager.php, line 328
Cake\Controller\Controller::dispatchEvent() - CORE\src\Event\EventDispatcherTrait.php, line 112
Cake\Controller\Controller::render() - CORE\src\Controller\Controller.php, line 778
Cake\Error\ExceptionRenderer::_outputMessage() - CORE\src\Error\ExceptionRenderer.php, line 369
Cake\Error\ExceptionRenderer::render() - CORE\src\Error\ExceptionRenderer.php, line 243
Cake\Error\Middleware\ErrorHandlerMiddleware::handleException() - CORE\src\Error\Middleware\ErrorHandlerMiddleware.php, line 120
Cake\Error\Middleware\ErrorHandlerMiddleware::__invoke() - CORE\src\Error\Middleware\ErrorHandlerMiddleware.php, line 102
Cake\Http\Runner::__invoke() - CORE\src\Http\Runner.php, line 65
DebugKit\Middleware\DebugKitMiddleware::__invoke() - ROOT\vendor\cakephp\debug_kit\src\Middleware\DebugKitMiddleware.php, line 53
Cake\Http\Runner::__invoke() - CORE\src\Http\Runner.php, line 65
Cake\Http\Runner::run() - CORE\src\Http\Runner.php, line 51
Cake\Http\Server::run() - CORE\src\Http\Server.php, line 97
[main] - ROOT\webroot\index.php, line 40



2022-10-29 00:02:23 Notice: Notice (1024): Undefined property: ErrorController::$Auth in C:\wamp64\www\curso\cakephp\src\Controller\AppController.php on line 93 in [C:\wamp64\www\curso\cakephp\vendor\cakephp\cakephp\src\Controller\Controller.php, line 384]
Request URL: /js/jquery-3.6.0.js
Referer URL: http://localhost/curso/cakephp/users/login
Trace:
Cake\Error\BaseErrorHandler::handleError() - CORE\src\Error\BaseErrorHandler.php, line 168
Cake\Core\BasePlugin::{closure}() - ROOT\vendor\cakephp\debug_kit\config\bootstrap.php, line 43
Cake\Controller\Controller::__get() - CORE\src\Controller\Controller.php, line 384
App\Controller\AppController::beforeRender() - APP/Controller\AppController.php, line 93
App\Controller\ErrorController::beforeRender() - APP/Controller\ErrorController.php, line 56
Cake\Event\EventManager::_callListener() - CORE\src\Event\EventManager.php, line 351
Cake\Event\EventManager::dispatch() - CORE\src\Event\EventManager.php, line 328
Cake\Controller\Controller::dispatchEvent() - CORE\src\Event\EventDispatcherTrait.php, line 112
Cake\Controller\Controller::render() - CORE\src\Controller\Controller.php, line 778
Cake\Error\ExceptionRenderer::_outputMessage() - CORE\src\Error\ExceptionRenderer.php, line 369
Cake\Error\ExceptionRenderer::render() - CORE\src\Error\ExceptionRenderer.php, line 243
Cake\Error\Middleware\ErrorHandlerMiddleware::handleException() - CORE\src\Error\Middleware\ErrorHandlerMiddleware.php, line 120
Cake\Error\Middleware\ErrorHandlerMiddleware::__invoke() - CORE\src\Error\Middleware\ErrorHandlerMiddleware.php, line 102
Cake\Http\Runner::__invoke() - CORE\src\Http\Runner.php, line 65
DebugKit\Middleware\DebugKitMiddleware::__invoke() - ROOT\vendor\cakephp\debug_kit\src\Middleware\DebugKitMiddleware.php, line 53
Cake\Http\Runner::__invoke() - CORE\src\Http\Runner.php, line 65
Cake\Http\Runner::run() - CORE\src\Http\Runner.php, line 51
Cake\Http\Server::run() - CORE\src\Http\Server.php, line 97
[main] - ROOT\webroot\index.php, line 40



2022-10-29 00:02:23 Notice: Notice (1024): Undefined property: ErrorController::$Auth in C:\wamp64\www\curso\cakephp\src\Controller\AppController.php on line 93 in [C:\wamp64\www\curso\cakephp\vendor\cakephp\cakephp\src\Controller\Controller.php, line 384]
Request URL: /js/jquery-ui.js
Referer URL: http://localhost/curso/cakephp/users/login
Trace:
Cake\Error\BaseErrorHandler::handleError() - CORE\src\Error\BaseErrorHandler.php, line 168
Cake\Core\BasePlugin::{closure}() - ROOT\vendor\cakephp\debug_kit\config\bootstrap.php, line 43
Cake\Controller\Controller::__get() - CORE\src\Controller\Controller.php, line 384
App\Controller\AppController::beforeRender() - APP/Controller\AppController.php, line 93
App\Controller\ErrorController::beforeRender() - APP/Controller\ErrorController.php, line 56
Cake\Event\EventManager::_callListener() - CORE\src\Event\EventManager.php, line 351
Cake\Event\EventManager::dispatch() - CORE\src\Event\EventManager.php, line 328
Cake\Controller\Controller::dispatchEvent() - CORE\src\Event\EventDispatcherTrait.php, line 112
Cake\Controller\Controller::render() - CORE\src\Controller\Controller.php, line 778
Cake\Error\ExceptionRenderer::_outputMessage() - CORE\src\Error\ExceptionRenderer.php, line 369
Cake\Error\ExceptionRenderer::render() - CORE\src\Error\ExceptionRenderer.php, line 243
Cake\Error\Middleware\ErrorHandlerMiddleware::handleException() - CORE\src\Error\Middleware\ErrorHandlerMiddleware.php, line 120
Cake\Error\Middleware\ErrorHandlerMiddleware::__invoke() - CORE\src\Error\Middleware\ErrorHandlerMiddleware.php, line 102
Cake\Http\Runner::__invoke() - CORE\src\Http\Runner.php, line 65
DebugKit\Middleware\DebugKitMiddleware::__invoke() - ROOT\vendor\cakephp\debug_kit\src\Middleware\DebugKitMiddleware.php, line 53
Cake\Http\Runner::__invoke() - CORE\src\Http\Runner.php, line 65
Cake\Http\Runner::run() - CORE\src\Http\Runner.php, line 51
Cake\Http\Server::run() - CORE\src\Http\Server.php, line 97
[main] - ROOT\webroot\index.php, line 40



2022-10-29 00:02:24 Notice: Notice (1024): Undefined property: ErrorController::$Auth in C:\wamp64\www\curso\cakephp\src\Controller\AppController.php on line 93 in [C:\wamp64\www\curso\cakephp\vendor\cakephp\cakephp\src\Controller\Controller.php, line 384]
Request URL: /js/jquery.mask.min.js
Referer URL: http://localhost/curso/cakephp/users/login
Trace:
Cake\Error\BaseErrorHandler::handleError() - CORE\src\Error\BaseErrorHandler.php, line 168
Cake\Core\BasePlugin::{closure}() - ROOT\vendor\cakephp\debug_kit\config\bootstrap.php, line 43
Cake\Controller\Controller::__get() - CORE\src\Controller\Controller.php, line 384
App\Controller\AppController::beforeRender() - APP/Controller\AppController.php, line 93
App\Controller\ErrorController::beforeRender() - APP/Controller\ErrorController.php, line 56
Cake\Event\EventManager::_callListener() - CORE\src\Event\EventManager.php, line 351
Cake\Event\EventManager::dispatch() - CORE\src\Event\EventManager.php, line 328
Cake\Controller\Controller::dispatchEvent() - CORE\src\Event\EventDispatcherTrait.php, line 112
Cake\Controller\Controller::render() - CORE\src\Controller\Controller.php, line 778
Cake\Error\ExceptionRenderer::_outputMessage() - CORE\src\Error\ExceptionRenderer.php, line 369
Cake\Error\ExceptionRenderer::render() - CORE\src\Error\ExceptionRenderer.php, line 243
Cake\Error\Middleware\ErrorHandlerMiddleware::handleException() - CORE\src\Error\Middleware\ErrorHandlerMiddleware.php, line 120
Cake\Error\Middleware\ErrorHandlerMiddleware::__invoke() - CORE\src\Error\Middleware\ErrorHandlerMiddleware.php, line 102
Cake\Http\Runner::__invoke() - CORE\src\Http\Runner.php, line 65
DebugKit\Middleware\DebugKitMiddleware::__invoke() - ROOT\vendor\cakephp\debug_kit\src\Middleware\DebugKitMiddleware.php, line 53
Cake\Http\Runner::__invoke() - CORE\src\Http\Runner.php, line 65
Cake\Http\Runner::run() - CORE\src\Http\Runner.php, line 51
Cake\Http\Server::run() - CORE\src\Http\Server.php, line 97
[main] - ROOT\webroot\index.php, line 40



2022-10-29 00:04:58 Notice: Notice (8): Undefined variable: user in [C:\wamp64\www\curso\cakephp\src\Template\Users\login.ctp, line 2]
Request URL: /users/login
Trace:
Cake\Error\BaseErrorHandler::handleError() - CORE\src\Error\BaseErrorHandler.php, line 168
Cake\Core\BasePlugin::{closure}() - ROOT\vendor\cakephp\debug_kit\config\bootstrap.php, line 43
include - APP/Template\Users\login.ctp, line 2
Cake\View\View::_evaluate() - CORE\src\View\View.php, line 1435
Cake\View\View::_render() - CORE\src\View\View.php, line 1393
Cake\View\View::render() - CORE\src\View\View.php, line 892
Cake\Controller\Controller::render() - CORE\src\Controller\Controller.php, line 791
Cake\Http\ActionDispatcher::_invoke() - CORE\src\Http\ActionDispatcher.php, line 126
Cake\Http\ActionDispatcher::dispatch() - CORE\src\Http\ActionDispatcher.php, line 94
Cake\Http\BaseApplication::__invoke() - CORE\src\Http\BaseApplication.php, line 256
Cake\Http\Runner::__invoke() - CORE\src\Http\Runner.php, line 65
Cake\Http\Runner::__invoke() - CORE\src\Http\Runner.php, line 65
Cake\Http\Middleware\CsrfProtectionMiddleware::__invoke() - CORE\src\Http\Middleware\CsrfProtectionMiddleware.php, line 137
Cake\Http\Runner::__invoke() - CORE\src\Http\Runner.php, line 65
Cake\Http\Runner::run() - CORE\src\Http\Runner.php, line 51
Cake\Routing\Middleware\RoutingMiddleware::__invoke() - CORE\src\Routing\Middleware\RoutingMiddleware.php, line 170
Cake\Http\Runner::__invoke() - CORE\src\Http\Runner.php, line 65
Cake\Routing\Middleware\AssetMiddleware::__invoke() - CORE\src\Routing\Middleware\AssetMiddleware.php, line 88
Cake\Http\Runner::__invoke() - CORE\src\Http\Runner.php, line 65
Cake\Error\Middleware\ErrorHandlerMiddleware::__invoke() - CORE\src\Error\Middleware\ErrorHandlerMiddleware.php, line 100
Cake\Http\Runner::__invoke() - CORE\src\Http\Runner.php, line 65
DebugKit\Middleware\DebugKitMiddleware::__invoke() - ROOT\vendor\cakephp\debug_kit\src\Middleware\DebugKitMiddleware.php, line 53
Cake\Http\Runner::__invoke() - CORE\src\Http\Runner.php, line 65
Cake\Http\Runner::run() - CORE\src\Http\Runner.php, line 51
Cake\Http\Server::run() - CORE\src\Http\Server.php, line 97
[main] - ROOT\webroot\index.php, line 40



2022-10-29 02:15:51 Notice: Notice (1024): Undefined property: ErrorController::$Auth in C:\wamp64\www\curso\cakephp\src\Controller\AppController.php on line 92 in [C:\wamp64\www\curso\cakephp\vendor\cakephp\cakephp\src\Controller\Controller.php, line 384]
Request URL: /users?sort=phone&direction=asc
Referer URL: http://localhost/curso/cakephp/users
Trace:
Cake\Error\BaseErrorHandler::handleError() - CORE\src\Error\BaseErrorHandler.php, line 168
Cake\Core\BasePlugin::{closure}() - ROOT\vendor\cakephp\debug_kit\config\bootstrap.php, line 43
Cake\Controller\Controller::__get() - CORE\src\Controller\Controller.php, line 384
App\Controller\AppController::beforeRender() - APP/Controller\AppController.php, line 92
App\Controller\ErrorController::beforeRender() - APP/Controller\ErrorController.php, line 56
Cake\Event\EventManager::_callListener() - CORE\src\Event\EventManager.php, line 351
Cake\Event\EventManager::dispatch() - CORE\src\Event\EventManager.php, line 328
Cake\Controller\Controller::dispatchEvent() - CORE\src\Event\EventDispatcherTrait.php, line 112
Cake\Controller\Controller::render() - CORE\src\Controller\Controller.php, line 778
Cake\Error\ExceptionRenderer::_outputMessage() - CORE\src\Error\ExceptionRenderer.php, line 369
Cake\Error\ExceptionRenderer::render() - CORE\src\Error\ExceptionRenderer.php, line 243
Cake\Error\Middleware\ErrorHandlerMiddleware::handleException() - CORE\src\Error\Middleware\ErrorHandlerMiddleware.php, line 120
Cake\Error\Middleware\ErrorHandlerMiddleware::__invoke() - CORE\src\Error\Middleware\ErrorHandlerMiddleware.php, line 102
Cake\Http\Runner::__invoke() - CORE\src\Http\Runner.php, line 65
DebugKit\Middleware\DebugKitMiddleware::__invoke() - ROOT\vendor\cakephp\debug_kit\src\Middleware\DebugKitMiddleware.php, line 53
Cake\Http\Runner::__invoke() - CORE\src\Http\Runner.php, line 65
Cake\Http\Runner::run() - CORE\src\Http\Runner.php, line 51
Cake\Http\Server::run() - CORE\src\Http\Server.php, line 97
[main] - ROOT\webroot\index.php, line 40



2022-10-29 02:15:51 Notice: Notice (1024): Undefined property: ErrorController::$Auth in C:\wamp64\www\curso\cakephp\src\Controller\AppController.php on line 92 in [C:\wamp64\www\curso\cakephp\vendor\cakephp\cakephp\src\Controller\Controller.php, line 384]
Request URL: /css/admin.css
Referer URL: http://localhost/curso/cakephp/users?sort=phone&direction=asc
Trace:
Cake\Error\BaseErrorHandler::handleError() - CORE\src\Error\BaseErrorHandler.php, line 168
Cake\Core\BasePlugin::{closure}() - ROOT\vendor\cakephp\debug_kit\config\bootstrap.php, line 43
Cake\Controller\Controller::__get() - CORE\src\Controller\Controller.php, line 384
App\Controller\AppController::beforeRender() - APP/Controller\AppController.php, line 92
App\Controller\ErrorController::beforeRender() - APP/Controller\ErrorController.php, line 56
Cake\Event\EventManager::_callListener() - CORE\src\Event\EventManager.php, line 351
Cake\Event\EventManager::dispatch() - CORE\src\Event\EventManager.php, line 328
Cake\Controller\Controller::dispatchEvent() - CORE\src\Event\EventDispatcherTrait.php, line 112
Cake\Controller\Controller::render() - CORE\src\Controller\Controller.php, line 778
Cake\Error\ExceptionRenderer::_outputMessage() - CORE\src\Error\ExceptionRenderer.php, line 369
Cake\Error\ExceptionRenderer::render() - CORE\src\Error\ExceptionRenderer.php, line 243
Cake\Error\Middleware\ErrorHandlerMiddleware::handleException() - CORE\src\Error\Middleware\ErrorHandlerMiddleware.php, line 120
Cake\Error\Middleware\ErrorHandlerMiddleware::__invoke() - CORE\src\Error\Middleware\ErrorHandlerMiddleware.php, line 102
Cake\Http\Runner::__invoke() - CORE\src\Http\Runner.php, line 65
DebugKit\Middleware\DebugKitMiddleware::__invoke() - ROOT\vendor\cakephp\debug_kit\src\Middleware\DebugKitMiddleware.php, line 53
Cake\Http\Runner::__invoke() - CORE\src\Http\Runner.php, line 65
Cake\Http\Runner::run() - CORE\src\Http\Runner.php, line 51
Cake\Http\Server::run() - CORE\src\Http\Server.php, line 97
[main] - ROOT\webroot\index.php, line 40



2022-10-29 02:15:56 Notice: Notice (1024): Undefined property: ErrorController::$Auth in C:\wamp64\www\curso\cakephp\src\Controller\AppController.php on line 92 in [C:\wamp64\www\curso\cakephp\vendor\cakephp\cakephp\src\Controller\Controller.php, line 384]
Request URL: /users
Referer URL: http://localhost/curso/cakephp/users/login?redirect=%2Fusers
Trace:
Cake\Error\BaseErrorHandler::handleError() - CORE\src\Error\BaseErrorHandler.php, line 168
Cake\Core\BasePlugin::{closure}() - ROOT\vendor\cakephp\debug_kit\config\bootstrap.php, line 43
Cake\Controller\Controller::__get() - CORE\src\Controller\Controller.php, line 384
App\Controller\AppController::beforeRender() - APP/Controller\AppController.php, line 92
App\Controller\ErrorController::beforeRender() - APP/Controller\ErrorController.php, line 56
Cake\Event\EventManager::_callListener() - CORE\src\Event\EventManager.php, line 351
Cake\Event\EventManager::dispatch() - CORE\src\Event\EventManager.php, line 328
Cake\Controller\Controller::dispatchEvent() - CORE\src\Event\EventDispatcherTrait.php, line 112
Cake\Controller\Controller::render() - CORE\src\Controller\Controller.php, line 778
Cake\Error\ExceptionRenderer::_outputMessage() - CORE\src\Error\ExceptionRenderer.php, line 369
Cake\Error\ExceptionRenderer::render() - CORE\src\Error\ExceptionRenderer.php, line 243
Cake\Error\Middleware\ErrorHandlerMiddleware::handleException() - CORE\src\Error\Middleware\ErrorHandlerMiddleware.php, line 120
Cake\Error\Middleware\ErrorHandlerMiddleware::__invoke() - CORE\src\Error\Middleware\ErrorHandlerMiddleware.php, line 102
Cake\Http\Runner::__invoke() - CORE\src\Http\Runner.php, line 65
DebugKit\Middleware\DebugKitMiddleware::__invoke() - ROOT\vendor\cakephp\debug_kit\src\Middleware\DebugKitMiddleware.php, line 53
Cake\Http\Runner::__invoke() - CORE\src\Http\Runner.php, line 65
Cake\Http\Runner::run() - CORE\src\Http\Runner.php, line 51
Cake\Http\Server::run() - CORE\src\Http\Server.php, line 97
[main] - ROOT\webroot\index.php, line 40



2022-10-29 02:16:01 Notice: Notice (1024): Undefined property: ErrorController::$Auth in C:\wamp64\www\curso\cakephp\src\Controller\AppController.php on line 92 in [C:\wamp64\www\curso\cakephp\vendor\cakephp\cakephp\src\Controller\Controller.php, line 384]
Request URL: /users
Referer URL: http://localhost/curso/cakephp/users/login?redirect=%2Fusers
Trace:
Cake\Error\BaseErrorHandler::handleError() - CORE\src\Error\BaseErrorHandler.php, line 168
Cake\Core\BasePlugin::{closure}() - ROOT\vendor\cakephp\debug_kit\config\bootstrap.php, line 43
Cake\Controller\Controller::__get() - CORE\src\Controller\Controller.php, line 384
App\Controller\AppController::beforeRender() - APP/Controller\AppController.php, line 92
App\Controller\ErrorController::beforeRender() - APP/Controller\ErrorController.php, line 56
Cake\Event\EventManager::_callListener() - CORE\src\Event\EventManager.php, line 351
Cake\Event\EventManager::dispatch() - CORE\src\Event\EventManager.php, line 328
Cake\Controller\Controller::dispatchEvent() - CORE\src\Event\EventDispatcherTrait.php, line 112
Cake\Controller\Controller::render() - CORE\src\Controller\Controller.php, line 778
Cake\Error\ExceptionRenderer::_outputMessage() - CORE\src\Error\ExceptionRenderer.php, line 369
Cake\Error\ExceptionRenderer::render() - CORE\src\Error\ExceptionRenderer.php, line 243
Cake\Error\Middleware\ErrorHandlerMiddleware::handleException() - CORE\src\Error\Middleware\ErrorHandlerMiddleware.php, line 120
Cake\Error\Middleware\ErrorHandlerMiddleware::__invoke() - CORE\src\Error\Middleware\ErrorHandlerMiddleware.php, line 102
Cake\Http\Runner::__invoke() - CORE\src\Http\Runner.php, line 65
DebugKit\Middleware\DebugKitMiddleware::__invoke() - ROOT\vendor\cakephp\debug_kit\src\Middleware\DebugKitMiddleware.php, line 53
Cake\Http\Runner::__invoke() - CORE\src\Http\Runner.php, line 65
Cake\Http\Runner::run() - CORE\src\Http\Runner.php, line 51
Cake\Http\Server::run() - CORE\src\Http\Server.php, line 97
[main] - ROOT\webroot\index.php, line 40



2022-10-29 02:16:02 Notice: Notice (1024): Undefined property: ErrorController::$Auth in C:\wamp64\www\curso\cakephp\src\Controller\AppController.php on line 92 in [C:\wamp64\www\curso\cakephp\vendor\cakephp\cakephp\src\Controller\Controller.php, line 384]
Request URL: /css/admin.css
Referer URL: http://localhost/curso/cakephp/users
Trace:
Cake\Error\BaseErrorHandler::handleError() - CORE\src\Error\BaseErrorHandler.php, line 168
Cake\Core\BasePlugin::{closure}() - ROOT\vendor\cakephp\debug_kit\config\bootstrap.php, line 43
Cake\Controller\Controller::__get() - CORE\src\Controller\Controller.php, line 384
App\Controller\AppController::beforeRender() - APP/Controller\AppController.php, line 92
App\Controller\ErrorController::beforeRender() - APP/Controller\ErrorController.php, line 56
Cake\Event\EventManager::_callListener() - CORE\src\Event\EventManager.php, line 351
Cake\Event\EventManager::dispatch() - CORE\src\Event\EventManager.php, line 328
Cake\Controller\Controller::dispatchEvent() - CORE\src\Event\EventDispatcherTrait.php, line 112
Cake\Controller\Controller::render() - CORE\src\Controller\Controller.php, line 778
Cake\Error\ExceptionRenderer::_outputMessage() - CORE\src\Error\ExceptionRenderer.php, line 369
Cake\Error\ExceptionRenderer::render() - CORE\src\Error\ExceptionRenderer.php, line 243
Cake\Error\Middleware\ErrorHandlerMiddleware::handleException() - CORE\src\Error\Middleware\ErrorHandlerMiddleware.php, line 120
Cake\Error\Middleware\ErrorHandlerMiddleware::__invoke() - CORE\src\Error\Middleware\ErrorHandlerMiddleware.php, line 102
Cake\Http\Runner::__invoke() - CORE\src\Http\Runner.php, line 65
DebugKit\Middleware\DebugKitMiddleware::__invoke() - ROOT\vendor\cakephp\debug_kit\src\Middleware\DebugKitMiddleware.php, line 53
Cake\Http\Runner::__invoke() - CORE\src\Http\Runner.php, line 65
Cake\Http\Runner::run() - CORE\src\Http\Runner.php, line 51
Cake\Http\Server::run() - CORE\src\Http\Server.php, line 97
[main] - ROOT\webroot\index.php, line 40



2022-10-29 02:17:59 Notice: Notice (1024): Undefined property: ErrorController::$Auth in C:\wamp64\www\curso\cakephp\src\Controller\AppController.php on line 92 in [C:\wamp64\www\curso\cakephp\vendor\cakephp\cakephp\src\Controller\Controller.php, line 384]
Request URL: /users
Referer URL: http://localhost/curso/cakephp/users/login?redirect=%2Fusers
Trace:
Cake\Error\BaseErrorHandler::handleError() - CORE\src\Error\BaseErrorHandler.php, line 168
Cake\Core\BasePlugin::{closure}() - ROOT\vendor\cakephp\debug_kit\config\bootstrap.php, line 43
Cake\Controller\Controller::__get() - CORE\src\Controller\Controller.php, line 384
App\Controller\AppController::beforeRender() - APP/Controller\AppController.php, line 92
App\Controller\ErrorController::beforeRender() - APP/Controller\ErrorController.php, line 56
Cake\Event\EventManager::_callListener() - CORE\src\Event\EventManager.php, line 351
Cake\Event\EventManager::dispatch() - CORE\src\Event\EventManager.php, line 328
Cake\Controller\Controller::dispatchEvent() - CORE\src\Event\EventDispatcherTrait.php, line 112
Cake\Controller\Controller::render() - CORE\src\Controller\Controller.php, line 778
Cake\Error\ExceptionRenderer::_outputMessage() - CORE\src\Error\ExceptionRenderer.php, line 369
Cake\Error\ExceptionRenderer::render() - CORE\src\Error\ExceptionRenderer.php, line 243
Cake\Error\Middleware\ErrorHandlerMiddleware::handleException() - CORE\src\Error\Middleware\ErrorHandlerMiddleware.php, line 120
Cake\Error\Middleware\ErrorHandlerMiddleware::__invoke() - CORE\src\Error\Middleware\ErrorHandlerMiddleware.php, line 102
Cake\Http\Runner::__invoke() - CORE\src\Http\Runner.php, line 65
DebugKit\Middleware\DebugKitMiddleware::__invoke() - ROOT\vendor\cakephp\debug_kit\src\Middleware\DebugKitMiddleware.php, line 53
Cake\Http\Runner::__invoke() - CORE\src\Http\Runner.php, line 65
Cake\Http\Runner::run() - CORE\src\Http\Runner.php, line 51
Cake\Http\Server::run() - CORE\src\Http\Server.php, line 97
[main] - ROOT\webroot\index.php, line 40



2022-10-29 02:17:59 Notice: Notice (1024): Undefined property: ErrorController::$Auth in C:\wamp64\www\curso\cakephp\src\Controller\AppController.php on line 92 in [C:\wamp64\www\curso\cakephp\vendor\cakephp\cakephp\src\Controller\Controller.php, line 384]
Request URL: /css/admin.css
Referer URL: http://localhost/curso/cakephp/users
Trace:
Cake\Error\BaseErrorHandler::handleError() - CORE\src\Error\BaseErrorHandler.php, line 168
Cake\Core\BasePlugin::{closure}() - ROOT\vendor\cakephp\debug_kit\config\bootstrap.php, line 43
Cake\Controller\Controller::__get() - CORE\src\Controller\Controller.php, line 384
App\Controller\AppController::beforeRender() - APP/Controller\AppController.php, line 92
App\Controller\ErrorController::beforeRender() - APP/Controller\ErrorController.php, line 56
Cake\Event\EventManager::_callListener() - CORE\src\Event\EventManager.php, line 351
Cake\Event\EventManager::dispatch() - CORE\src\Event\EventManager.php, line 328
Cake\Controller\Controller::dispatchEvent() - CORE\src\Event\EventDispatcherTrait.php, line 112
Cake\Controller\Controller::render() - CORE\src\Controller\Controller.php, line 778
Cake\Error\ExceptionRenderer::_outputMessage() - CORE\src\Error\ExceptionRenderer.php, line 369
Cake\Error\ExceptionRenderer::render() - CORE\src\Error\ExceptionRenderer.php, line 243
Cake\Error\Middleware\ErrorHandlerMiddleware::handleException() - CORE\src\Error\Middleware\ErrorHandlerMiddleware.php, line 120
Cake\Error\Middleware\ErrorHandlerMiddleware::__invoke() - CORE\src\Error\Middleware\ErrorHandlerMiddleware.php, line 102
Cake\Http\Runner::__invoke() - CORE\src\Http\Runner.php, line 65
DebugKit\Middleware\DebugKitMiddleware::__invoke() - ROOT\vendor\cakephp\debug_kit\src\Middleware\DebugKitMiddleware.php, line 53
Cake\Http\Runner::__invoke() - CORE\src\Http\Runner.php, line 65
Cake\Http\Runner::run() - CORE\src\Http\Runner.php, line 51
Cake\Http\Server::run() - CORE\src\Http\Server.php, line 97
[main] - ROOT\webroot\index.php, line 40



2022-10-29 02:18:40 Notice: Notice (1024): Undefined property: ErrorController::$Auth in C:\wamp64\www\curso\cakephp\src\Controller\AppController.php on line 92 in [C:\wamp64\www\curso\cakephp\vendor\cakephp\cakephp\src\Controller\Controller.php, line 384]
Request URL: /users
Referer URL: http://localhost/curso/cakephp/users/login?redirect=%2Fusers
Trace:
Cake\Error\BaseErrorHandler::handleError() - CORE\src\Error\BaseErrorHandler.php, line 168
Cake\Core\BasePlugin::{closure}() - ROOT\vendor\cakephp\debug_kit\config\bootstrap.php, line 43
Cake\Controller\Controller::__get() - CORE\src\Controller\Controller.php, line 384
App\Controller\AppController::beforeRender() - APP/Controller\AppController.php, line 92
App\Controller\ErrorController::beforeRender() - APP/Controller\ErrorController.php, line 56
Cake\Event\EventManager::_callListener() - CORE\src\Event\EventManager.php, line 351
Cake\Event\EventManager::dispatch() - CORE\src\Event\EventManager.php, line 328
Cake\Controller\Controller::dispatchEvent() - CORE\src\Event\EventDispatcherTrait.php, line 112
Cake\Controller\Controller::render() - CORE\src\Controller\Controller.php, line 778
Cake\Error\ExceptionRenderer::_outputMessage() - CORE\src\Error\ExceptionRenderer.php, line 369
Cake\Error\ExceptionRenderer::render() - CORE\src\Error\ExceptionRenderer.php, line 243
Cake\Error\Middleware\ErrorHandlerMiddleware::handleException() - CORE\src\Error\Middleware\ErrorHandlerMiddleware.php, line 120
Cake\Error\Middleware\ErrorHandlerMiddleware::__invoke() - CORE\src\Error\Middleware\ErrorHandlerMiddleware.php, line 102
Cake\Http\Runner::__invoke() - CORE\src\Http\Runner.php, line 65
DebugKit\Middleware\DebugKitMiddleware::__invoke() - ROOT\vendor\cakephp\debug_kit\src\Middleware\DebugKitMiddleware.php, line 53
Cake\Http\Runner::__invoke() - CORE\src\Http\Runner.php, line 65
Cake\Http\Runner::run() - CORE\src\Http\Runner.php, line 51
Cake\Http\Server::run() - CORE\src\Http\Server.php, line 97
[main] - ROOT\webroot\index.php, line 40



2022-10-29 02:18:40 Notice: Notice (1024): Undefined property: ErrorController::$Auth in C:\wamp64\www\curso\cakephp\src\Controller\AppController.php on line 92 in [C:\wamp64\www\curso\cakephp\vendor\cakephp\cakephp\src\Controller\Controller.php, line 384]
Request URL: /css/admin.css
Referer URL: http://localhost/curso/cakephp/users
Trace:
Cake\Error\BaseErrorHandler::handleError() - CORE\src\Error\BaseErrorHandler.php, line 168
Cake\Core\BasePlugin::{closure}() - ROOT\vendor\cakephp\debug_kit\config\bootstrap.php, line 43
Cake\Controller\Controller::__get() - CORE\src\Controller\Controller.php, line 384
App\Controller\AppController::beforeRender() - APP/Controller\AppController.php, line 92
App\Controller\ErrorController::beforeRender() - APP/Controller\ErrorController.php, line 56
Cake\Event\EventManager::_callListener() - CORE\src\Event\EventManager.php, line 351
Cake\Event\EventManager::dispatch() - CORE\src\Event\EventManager.php, line 328
Cake\Controller\Controller::dispatchEvent() - CORE\src\Event\EventDispatcherTrait.php, line 112
Cake\Controller\Controller::render() - CORE\src\Controller\Controller.php, line 778
Cake\Error\ExceptionRenderer::_outputMessage() - CORE\src\Error\ExceptionRenderer.php, line 369
Cake\Error\ExceptionRenderer::render() - CORE\src\Error\ExceptionRenderer.php, line 243
Cake\Error\Middleware\ErrorHandlerMiddleware::handleException() - CORE\src\Error\Middleware\ErrorHandlerMiddleware.php, line 120
Cake\Error\Middleware\ErrorHandlerMiddleware::__invoke() - CORE\src\Error\Middleware\ErrorHandlerMiddleware.php, line 102
Cake\Http\Runner::__invoke() - CORE\src\Http\Runner.php, line 65
DebugKit\Middleware\DebugKitMiddleware::__invoke() - ROOT\vendor\cakephp\debug_kit\src\Middleware\DebugKitMiddleware.php, line 53
Cake\Http\Runner::__invoke() - CORE\src\Http\Runner.php, line 65
Cake\Http\Runner::run() - CORE\src\Http\Runner.php, line 51
Cake\Http\Server::run() - CORE\src\Http\Server.php, line 97
[main] - ROOT\webroot\index.php, line 40



2022-10-29 02:19:21 Notice: Notice (1024): Undefined property: ErrorController::$Auth in C:\wamp64\www\curso\cakephp\src\Controller\AppController.php on line 92 in [C:\wamp64\www\curso\cakephp\vendor\cakephp\cakephp\src\Controller\Controller.php, line 384]
Request URL: /users
Referer URL: http://localhost/curso/cakephp/users/login?redirect=%2Fusers
Trace:
Cake\Error\BaseErrorHandler::handleError() - CORE\src\Error\BaseErrorHandler.php, line 168
Cake\Core\BasePlugin::{closure}() - ROOT\vendor\cakephp\debug_kit\config\bootstrap.php, line 43
Cake\Controller\Controller::__get() - CORE\src\Controller\Controller.php, line 384
App\Controller\AppController::beforeRender() - APP/Controller\AppController.php, line 92
App\Controller\ErrorController::beforeRender() - APP/Controller\ErrorController.php, line 56
Cake\Event\EventManager::_callListener() - CORE\src\Event\EventManager.php, line 351
Cake\Event\EventManager::dispatch() - CORE\src\Event\EventManager.php, line 328
Cake\Controller\Controller::dispatchEvent() - CORE\src\Event\EventDispatcherTrait.php, line 112
Cake\Controller\Controller::render() - CORE\src\Controller\Controller.php, line 778
Cake\Error\ExceptionRenderer::_outputMessage() - CORE\src\Error\ExceptionRenderer.php, line 369
Cake\Error\ExceptionRenderer::render() - CORE\src\Error\ExceptionRenderer.php, line 243
Cake\Error\Middleware\ErrorHandlerMiddleware::handleException() - CORE\src\Error\Middleware\ErrorHandlerMiddleware.php, line 120
Cake\Error\Middleware\ErrorHandlerMiddleware::__invoke() - CORE\src\Error\Middleware\ErrorHandlerMiddleware.php, line 102
Cake\Http\Runner::__invoke() - CORE\src\Http\Runner.php, line 65
DebugKit\Middleware\DebugKitMiddleware::__invoke() - ROOT\vendor\cakephp\debug_kit\src\Middleware\DebugKitMiddleware.php, line 53
Cake\Http\Runner::__invoke() - CORE\src\Http\Runner.php, line 65
Cake\Http\Runner::run() - CORE\src\Http\Runner.php, line 51
Cake\Http\Server::run() - CORE\src\Http\Server.php, line 97
[main] - ROOT\webroot\index.php, line 40



2022-10-29 02:19:21 Notice: Notice (1024): Undefined property: ErrorController::$Auth in C:\wamp64\www\curso\cakephp\src\Controller\AppController.php on line 92 in [C:\wamp64\www\curso\cakephp\vendor\cakephp\cakephp\src\Controller\Controller.php, line 384]
Request URL: /css/admin.css
Referer URL: http://localhost/curso/cakephp/users
Trace:
Cake\Error\BaseErrorHandler::handleError() - CORE\src\Error\BaseErrorHandler.php, line 168
Cake\Core\BasePlugin::{closure}() - ROOT\vendor\cakephp\debug_kit\config\bootstrap.php, line 43
Cake\Controller\Controller::__get() - CORE\src\Controller\Controller.php, line 384
App\Controller\AppController::beforeRender() - APP/Controller\AppController.php, line 92
App\Controller\ErrorController::beforeRender() - APP/Controller\ErrorController.php, line 56
Cake\Event\EventManager::_callListener() - CORE\src\Event\EventManager.php, line 351
Cake\Event\EventManager::dispatch() - CORE\src\Event\EventManager.php, line 328
Cake\Controller\Controller::dispatchEvent() - CORE\src\Event\EventDispatcherTrait.php, line 112
Cake\Controller\Controller::render() - CORE\src\Controller\Controller.php, line 778
Cake\Error\ExceptionRenderer::_outputMessage() - CORE\src\Error\ExceptionRenderer.php, line 369
Cake\Error\ExceptionRenderer::render() - CORE\src\Error\ExceptionRenderer.php, line 243
Cake\Error\Middleware\ErrorHandlerMiddleware::handleException() - CORE\src\Error\Middleware\ErrorHandlerMiddleware.php, line 120
Cake\Error\Middleware\ErrorHandlerMiddleware::__invoke() - CORE\src\Error\Middleware\ErrorHandlerMiddleware.php, line 102
Cake\Http\Runner::__invoke() - CORE\src\Http\Runner.php, line 65
DebugKit\Middleware\DebugKitMiddleware::__invoke() - ROOT\vendor\cakephp\debug_kit\src\Middleware\DebugKitMiddleware.php, line 53
Cake\Http\Runner::__invoke() - CORE\src\Http\Runner.php, line 65
Cake\Http\Runner::run() - CORE\src\Http\Runner.php, line 51
Cake\Http\Server::run() - CORE\src\Http\Server.php, line 97
[main] - ROOT\webroot\index.php, line 40



2022-10-29 02:19:23 Notice: Notice (1024): Undefined property: ErrorController::$Auth in C:\wamp64\www\curso\cakephp\src\Controller\AppController.php on line 92 in [C:\wamp64\www\curso\cakephp\vendor\cakephp\cakephp\src\Controller\Controller.php, line 384]
Request URL: /users
Referer URL: http://localhost/curso/cakephp/users/login?redirect=%2Fusers
Trace:
Cake\Error\BaseErrorHandler::handleError() - CORE\src\Error\BaseErrorHandler.php, line 168
Cake\Core\BasePlugin::{closure}() - ROOT\vendor\cakephp\debug_kit\config\bootstrap.php, line 43
Cake\Controller\Controller::__get() - CORE\src\Controller\Controller.php, line 384
App\Controller\AppController::beforeRender() - APP/Controller\AppController.php, line 92
App\Controller\ErrorController::beforeRender() - APP/Controller\ErrorController.php, line 56
Cake\Event\EventManager::_callListener() - CORE\src\Event\EventManager.php, line 351
Cake\Event\EventManager::dispatch() - CORE\src\Event\EventManager.php, line 328
Cake\Controller\Controller::dispatchEvent() - CORE\src\Event\EventDispatcherTrait.php, line 112
Cake\Controller\Controller::render() - CORE\src\Controller\Controller.php, line 778
Cake\Error\ExceptionRenderer::_outputMessage() - CORE\src\Error\ExceptionRenderer.php, line 369
Cake\Error\ExceptionRenderer::render() - CORE\src\Error\ExceptionRenderer.php, line 243
Cake\Error\Middleware\ErrorHandlerMiddleware::handleException() - CORE\src\Error\Middleware\ErrorHandlerMiddleware.php, line 120
Cake\Error\Middleware\ErrorHandlerMiddleware::__invoke() - CORE\src\Error\Middleware\ErrorHandlerMiddleware.php, line 102
Cake\Http\Runner::__invoke() - CORE\src\Http\Runner.php, line 65
DebugKit\Middleware\DebugKitMiddleware::__invoke() - ROOT\vendor\cakephp\debug_kit\src\Middleware\DebugKitMiddleware.php, line 53
Cake\Http\Runner::__invoke() - CORE\src\Http\Runner.php, line 65
Cake\Http\Runner::run() - CORE\src\Http\Runner.php, line 51
Cake\Http\Server::run() - CORE\src\Http\Server.php, line 97
[main] - ROOT\webroot\index.php, line 40



2022-10-29 02:19:23 Notice: Notice (1024): Undefined property: ErrorController::$Auth in C:\wamp64\www\curso\cakephp\src\Controller\AppController.php on line 92 in [C:\wamp64\www\curso\cakephp\vendor\cakephp\cakephp\src\Controller\Controller.php, line 384]
Request URL: /css/admin.css
Referer URL: http://localhost/curso/cakephp/users
Trace:
Cake\Error\BaseErrorHandler::handleError() - CORE\src\Error\BaseErrorHandler.php, line 168
Cake\Core\BasePlugin::{closure}() - ROOT\vendor\cakephp\debug_kit\config\bootstrap.php, line 43
Cake\Controller\Controller::__get() - CORE\src\Controller\Controller.php, line 384
App\Controller\AppController::beforeRender() - APP/Controller\AppController.php, line 92
App\Controller\ErrorController::beforeRender() - APP/Controller\ErrorController.php, line 56
Cake\Event\EventManager::_callListener() - CORE\src\Event\EventManager.php, line 351
Cake\Event\EventManager::dispatch() - CORE\src\Event\EventManager.php, line 328
Cake\Controller\Controller::dispatchEvent() - CORE\src\Event\EventDispatcherTrait.php, line 112
Cake\Controller\Controller::render() - CORE\src\Controller\Controller.php, line 778
Cake\Error\ExceptionRenderer::_outputMessage() - CORE\src\Error\ExceptionRenderer.php, line 369
Cake\Error\ExceptionRenderer::render() - CORE\src\Error\ExceptionRenderer.php, line 243
Cake\Error\Middleware\ErrorHandlerMiddleware::handleException() - CORE\src\Error\Middleware\ErrorHandlerMiddleware.php, line 120
Cake\Error\Middleware\ErrorHandlerMiddleware::__invoke() - CORE\src\Error\Middleware\ErrorHandlerMiddleware.php, line 102
Cake\Http\Runner::__invoke() - CORE\src\Http\Runner.php, line 65
DebugKit\Middleware\DebugKitMiddleware::__invoke() - ROOT\vendor\cakephp\debug_kit\src\Middleware\DebugKitMiddleware.php, line 53
Cake\Http\Runner::__invoke() - CORE\src\Http\Runner.php, line 65
Cake\Http\Runner::run() - CORE\src\Http\Runner.php, line 51
Cake\Http\Server::run() - CORE\src\Http\Server.php, line 97
[main] - ROOT\webroot\index.php, line 40



2022-10-29 02:22:45 Notice: Notice (1024): Undefined property: ErrorController::$Auth in C:\wamp64\www\curso\cakephp\src\Controller\AppController.php on line 92 in [C:\wamp64\www\curso\cakephp\vendor\cakephp\cakephp\src\Controller\Controller.php, line 384]
Request URL: /css/admin.css
Referer URL: http://localhost/curso/cakephp/users
Trace:
Cake\Error\BaseErrorHandler::handleError() - CORE\src\Error\BaseErrorHandler.php, line 168
Cake\Core\BasePlugin::{closure}() - ROOT\vendor\cakephp\debug_kit\config\bootstrap.php, line 43
Cake\Controller\Controller::__get() - CORE\src\Controller\Controller.php, line 384
App\Controller\AppController::beforeRender() - APP/Controller\AppController.php, line 92
App\Controller\ErrorController::beforeRender() - APP/Controller\ErrorController.php, line 56
Cake\Event\EventManager::_callListener() - CORE\src\Event\EventManager.php, line 351
Cake\Event\EventManager::dispatch() - CORE\src\Event\EventManager.php, line 328
Cake\Controller\Controller::dispatchEvent() - CORE\src\Event\EventDispatcherTrait.php, line 112
Cake\Controller\Controller::render() - CORE\src\Controller\Controller.php, line 778
Cake\Error\ExceptionRenderer::_outputMessage() - CORE\src\Error\ExceptionRenderer.php, line 369
Cake\Error\ExceptionRenderer::render() - CORE\src\Error\ExceptionRenderer.php, line 243
Cake\Error\Middleware\ErrorHandlerMiddleware::handleException() - CORE\src\Error\Middleware\ErrorHandlerMiddleware.php, line 120
Cake\Error\Middleware\ErrorHandlerMiddleware::__invoke() - CORE\src\Error\Middleware\ErrorHandlerMiddleware.php, line 102
Cake\Http\Runner::__invoke() - CORE\src\Http\Runner.php, line 65
DebugKit\Middleware\DebugKitMiddleware::__invoke() - ROOT\vendor\cakephp\debug_kit\src\Middleware\DebugKitMiddleware.php, line 53
Cake\Http\Runner::__invoke() - CORE\src\Http\Runner.php, line 65
Cake\Http\Runner::run() - CORE\src\Http\Runner.php, line 51
Cake\Http\Server::run() - CORE\src\Http\Server.php, line 97
[main] - ROOT\webroot\index.php, line 40



2022-10-29 02:22:53 Notice: Notice (1024): Undefined property: ErrorController::$Auth in C:\wamp64\www\curso\cakephp\src\Controller\AppController.php on line 92 in [C:\wamp64\www\curso\cakephp\vendor\cakephp\cakephp\src\Controller\Controller.php, line 384]
Request URL: /css/admin.css
Referer URL: http://localhost/curso/cakephp/users
Trace:
Cake\Error\BaseErrorHandler::handleError() - CORE\src\Error\BaseErrorHandler.php, line 168
Cake\Core\BasePlugin::{closure}() - ROOT\vendor\cakephp\debug_kit\config\bootstrap.php, line 43
Cake\Controller\Controller::__get() - CORE\src\Controller\Controller.php, line 384
App\Controller\AppController::beforeRender() - APP/Controller\AppController.php, line 92
App\Controller\ErrorController::beforeRender() - APP/Controller\ErrorController.php, line 56
Cake\Event\EventManager::_callListener() - CORE\src\Event\EventManager.php, line 351
Cake\Event\EventManager::dispatch() - CORE\src\Event\EventManager.php, line 328
Cake\Controller\Controller::dispatchEvent() - CORE\src\Event\EventDispatcherTrait.php, line 112
Cake\Controller\Controller::render() - CORE\src\Controller\Controller.php, line 778
Cake\Error\ExceptionRenderer::_outputMessage() - CORE\src\Error\ExceptionRenderer.php, line 369
Cake\Error\ExceptionRenderer::render() - CORE\src\Error\ExceptionRenderer.php, line 243
Cake\Error\Middleware\ErrorHandlerMiddleware::handleException() - CORE\src\Error\Middleware\ErrorHandlerMiddleware.php, line 120
Cake\Error\Middleware\ErrorHandlerMiddleware::__invoke() - CORE\src\Error\Middleware\ErrorHandlerMiddleware.php, line 102
Cake\Http\Runner::__invoke() - CORE\src\Http\Runner.php, line 65
DebugKit\Middleware\DebugKitMiddleware::__invoke() - ROOT\vendor\cakephp\debug_kit\src\Middleware\DebugKitMiddleware.php, line 53
Cake\Http\Runner::__invoke() - CORE\src\Http\Runner.php, line 65
Cake\Http\Runner::run() - CORE\src\Http\Runner.php, line 51
Cake\Http\Server::run() - CORE\src\Http\Server.php, line 97
[main] - ROOT\webroot\index.php, line 40



2022-10-29 02:34:18 Notice: Notice (1024): Undefined property: ErrorController::$Auth in C:\wamp64\www\curso\cakephp\src\Controller\AppController.php on line 92 in [C:\wamp64\www\curso\cakephp\vendor\cakephp\cakephp\src\Controller\Controller.php, line 384]
Request URL: /users/profile
Referer URL: http://localhost/curso/cakephp/users
Trace:
Cake\Error\BaseErrorHandler::handleError() - CORE\src\Error\BaseErrorHandler.php, line 168
Cake\Core\BasePlugin::{closure}() - ROOT\vendor\cakephp\debug_kit\config\bootstrap.php, line 43
Cake\Controller\Controller::__get() - CORE\src\Controller\Controller.php, line 384
App\Controller\AppController::beforeRender() - APP/Controller\AppController.php, line 92
App\Controller\ErrorController::beforeRender() - APP/Controller\ErrorController.php, line 56
Cake\Event\EventManager::_callListener() - CORE\src\Event\EventManager.php, line 351
Cake\Event\EventManager::dispatch() - CORE\src\Event\EventManager.php, line 328
Cake\Controller\Controller::dispatchEvent() - CORE\src\Event\EventDispatcherTrait.php, line 112
Cake\Controller\Controller::render() - CORE\src\Controller\Controller.php, line 778
Cake\Error\ExceptionRenderer::_outputMessage() - CORE\src\Error\ExceptionRenderer.php, line 369
Cake\Error\ExceptionRenderer::render() - CORE\src\Error\ExceptionRenderer.php, line 243
Cake\Error\Middleware\ErrorHandlerMiddleware::handleException() - CORE\src\Error\Middleware\ErrorHandlerMiddleware.php, line 120
Cake\Error\Middleware\ErrorHandlerMiddleware::__invoke() - CORE\src\Error\Middleware\ErrorHandlerMiddleware.php, line 102
Cake\Http\Runner::__invoke() - CORE\src\Http\Runner.php, line 65
DebugKit\Middleware\DebugKitMiddleware::__invoke() - ROOT\vendor\cakephp\debug_kit\src\Middleware\DebugKitMiddleware.php, line 53
Cake\Http\Runner::__invoke() - CORE\src\Http\Runner.php, line 65
Cake\Http\Runner::run() - CORE\src\Http\Runner.php, line 51
Cake\Http\Server::run() - CORE\src\Http\Server.php, line 97
[main] - ROOT\webroot\index.php, line 40



2022-10-29 18:15:18 Notice: Notice (1024): Undefined property: ErrorController::$Auth in C:\xampp\htdocs\challenger\src\Controller\AppController.php on line 92 in [C:\xampp\htdocs\challenger\vendor\cakephp\cakephp\src\Controller\Controller.php, line 384]
Request URL: /css/base.css
Referer URL: http://localhost/challenger/users/register
Trace:
Cake\Error\BaseErrorHandler::handleError() - CORE\src\Error\BaseErrorHandler.php, line 168
Cake\Controller\Controller::__get() - CORE\src\Controller\Controller.php, line 384
App\Controller\AppController::beforeRender() - APP/Controller\AppController.php, line 92
App\Controller\ErrorController::beforeRender() - APP/Controller\ErrorController.php, line 56
Cake\Event\EventManager::_callListener() - CORE\src\Event\EventManager.php, line 351
Cake\Event\EventManager::dispatch() - CORE\src\Event\EventManager.php, line 328
Cake\Controller\Controller::dispatchEvent() - CORE\src\Event\EventDispatcherTrait.php, line 112
Cake\Controller\Controller::render() - CORE\src\Controller\Controller.php, line 778
Cake\Error\ExceptionRenderer::_outputMessage() - CORE\src\Error\ExceptionRenderer.php, line 369
Cake\Error\ExceptionRenderer::render() - CORE\src\Error\ExceptionRenderer.php, line 243
Cake\Error\Middleware\ErrorHandlerMiddleware::handleException() - CORE\src\Error\Middleware\ErrorHandlerMiddleware.php, line 120
Cake\Error\Middleware\ErrorHandlerMiddleware::__invoke() - CORE\src\Error\Middleware\ErrorHandlerMiddleware.php, line 102
Cake\Http\Runner::__invoke() - CORE\src\Http\Runner.php, line 65
Cake\Http\Runner::run() - CORE\src\Http\Runner.php, line 51
Cake\Http\Server::run() - CORE\src\Http\Server.php, line 97
[main] - ROOT\webroot\index.php, line 40



2022-10-29 18:15:55 Notice: Notice (1024): Undefined property: ErrorController::$Auth in C:\xampp\htdocs\challenger\src\Controller\AppController.php on line 92 in [C:\xampp\htdocs\challenger\vendor\cakephp\cakephp\src\Controller\Controller.php, line 384]
Request URL: /css/base.css
Referer URL: http://localhost/challenger/users/register
Trace:
Cake\Error\BaseErrorHandler::handleError() - CORE\src\Error\BaseErrorHandler.php, line 168
Cake\Controller\Controller::__get() - CORE\src\Controller\Controller.php, line 384
App\Controller\AppController::beforeRender() - APP/Controller\AppController.php, line 92
App\Controller\ErrorController::beforeRender() - APP/Controller\ErrorController.php, line 56
Cake\Event\EventManager::_callListener() - CORE\src\Event\EventManager.php, line 351
Cake\Event\EventManager::dispatch() - CORE\src\Event\EventManager.php, line 328
Cake\Controller\Controller::dispatchEvent() - CORE\src\Event\EventDispatcherTrait.php, line 112
Cake\Controller\Controller::render() - CORE\src\Controller\Controller.php, line 778
Cake\Error\ExceptionRenderer::_outputMessage() - CORE\src\Error\ExceptionRenderer.php, line 369
Cake\Error\ExceptionRenderer::render() - CORE\src\Error\ExceptionRenderer.php, line 243
Cake\Error\Middleware\ErrorHandlerMiddleware::handleException() - CORE\src\Error\Middleware\ErrorHandlerMiddleware.php, line 120
Cake\Error\Middleware\ErrorHandlerMiddleware::__invoke() - CORE\src\Error\Middleware\ErrorHandlerMiddleware.php, line 102
Cake\Http\Runner::__invoke() - CORE\src\Http\Runner.php, line 65
Cake\Http\Runner::run() - CORE\src\Http\Runner.php, line 51
Cake\Http\Server::run() - CORE\src\Http\Server.php, line 97
[main] - ROOT\webroot\index.php, line 40



2022-10-29 18:32:02 Notice: Notice (1024): Undefined property: ErrorController::$Auth in C:\xampp\htdocs\challenger\src\Controller\AppController.php on line 92 in [C:\xampp\htdocs\challenger\vendor\cakephp\cakephp\src\Controller\Controller.php, line 384]
Request URL: /css/base.css
Referer URL: http://localhost/challenger/users/register
Trace:
Cake\Error\BaseErrorHandler::handleError() - CORE\src\Error\BaseErrorHandler.php, line 168
Cake\Controller\Controller::__get() - CORE\src\Controller\Controller.php, line 384
App\Controller\AppController::beforeRender() - APP/Controller\AppController.php, line 92
App\Controller\ErrorController::beforeRender() - APP/Controller\ErrorController.php, line 56
Cake\Event\EventManager::_callListener() - CORE\src\Event\EventManager.php, line 351
Cake\Event\EventManager::dispatch() - CORE\src\Event\EventManager.php, line 328
Cake\Controller\Controller::dispatchEvent() - CORE\src\Event\EventDispatcherTrait.php, line 112
Cake\Controller\Controller::render() - CORE\src\Controller\Controller.php, line 778
Cake\Error\ExceptionRenderer::_outputMessage() - CORE\src\Error\ExceptionRenderer.php, line 369
Cake\Error\ExceptionRenderer::render() - CORE\src\Error\ExceptionRenderer.php, line 243
Cake\Error\Middleware\ErrorHandlerMiddleware::handleException() - CORE\src\Error\Middleware\ErrorHandlerMiddleware.php, line 120
Cake\Error\Middleware\ErrorHandlerMiddleware::__invoke() - CORE\src\Error\Middleware\ErrorHandlerMiddleware.php, line 102
Cake\Http\Runner::__invoke() - CORE\src\Http\Runner.php, line 65
Cake\Http\Runner::run() - CORE\src\Http\Runner.php, line 51
Cake\Http\Server::run() - CORE\src\Http\Server.php, line 97
[main] - ROOT\webroot\index.php, line 40



2022-10-29 18:35:19 Notice: Notice (1024): Undefined property: ErrorController::$Auth in C:\xampp\htdocs\challenger\src\Controller\AppController.php on line 92 in [C:\xampp\htdocs\challenger\vendor\cakephp\cakephp\src\Controller\Controller.php, line 384]
Request URL: /css/base.css
Referer URL: http://localhost/challenger/users/register
Trace:
Cake\Error\BaseErrorHandler::handleError() - CORE\src\Error\BaseErrorHandler.php, line 168
Cake\Controller\Controller::__get() - CORE\src\Controller\Controller.php, line 384
App\Controller\AppController::beforeRender() - APP/Controller\AppController.php, line 92
App\Controller\ErrorController::beforeRender() - APP/Controller\ErrorController.php, line 56
Cake\Event\EventManager::_callListener() - CORE\src\Event\EventManager.php, line 351
Cake\Event\EventManager::dispatch() - CORE\src\Event\EventManager.php, line 328
Cake\Controller\Controller::dispatchEvent() - CORE\src\Event\EventDispatcherTrait.php, line 112
Cake\Controller\Controller::render() - CORE\src\Controller\Controller.php, line 778
Cake\Error\ExceptionRenderer::_outputMessage() - CORE\src\Error\ExceptionRenderer.php, line 369
Cake\Error\ExceptionRenderer::render() - CORE\src\Error\ExceptionRenderer.php, line 243
Cake\Error\Middleware\ErrorHandlerMiddleware::handleException() - CORE\src\Error\Middleware\ErrorHandlerMiddleware.php, line 120
Cake\Error\Middleware\ErrorHandlerMiddleware::__invoke() - CORE\src\Error\Middleware\ErrorHandlerMiddleware.php, line 102
Cake\Http\Runner::__invoke() - CORE\src\Http\Runner.php, line 65
Cake\Http\Runner::run() - CORE\src\Http\Runner.php, line 51
Cake\Http\Server::run() - CORE\src\Http\Server.php, line 97
[main] - ROOT\webroot\index.php, line 40



2022-10-29 18:38:40 Notice: Notice (1024): Undefined property: ErrorController::$Auth in C:\xampp\htdocs\challenger\src\Controller\AppController.php on line 92 in [C:\xampp\htdocs\challenger\vendor\cakephp\cakephp\src\Controller\Controller.php, line 384]
Request URL: /css/base.css
Referer URL: http://localhost/challenger/users/register
Trace:
Cake\Error\BaseErrorHandler::handleError() - CORE\src\Error\BaseErrorHandler.php, line 168
Cake\Controller\Controller::__get() - CORE\src\Controller\Controller.php, line 384
App\Controller\AppController::beforeRender() - APP/Controller\AppController.php, line 92
App\Controller\ErrorController::beforeRender() - APP/Controller\ErrorController.php, line 56
Cake\Event\EventManager::_callListener() - CORE\src\Event\EventManager.php, line 351
Cake\Event\EventManager::dispatch() - CORE\src\Event\EventManager.php, line 328
Cake\Controller\Controller::dispatchEvent() - CORE\src\Event\EventDispatcherTrait.php, line 112
Cake\Controller\Controller::render() - CORE\src\Controller\Controller.php, line 778
Cake\Error\ExceptionRenderer::_outputMessage() - CORE\src\Error\ExceptionRenderer.php, line 369
Cake\Error\ExceptionRenderer::render() - CORE\src\Error\ExceptionRenderer.php, line 243
Cake\Error\Middleware\ErrorHandlerMiddleware::handleException() - CORE\src\Error\Middleware\ErrorHandlerMiddleware.php, line 120
Cake\Error\Middleware\ErrorHandlerMiddleware::__invoke() - CORE\src\Error\Middleware\ErrorHandlerMiddleware.php, line 102
Cake\Http\Runner::__invoke() - CORE\src\Http\Runner.php, line 65
Cake\Http\Runner::run() - CORE\src\Http\Runner.php, line 51
Cake\Http\Server::run() - CORE\src\Http\Server.php, line 97
[main] - ROOT\webroot\index.php, line 40



2022-10-29 18:41:17 Notice: Deprecated (16384): Using `string` or `bool` for $context is deprecated, use `null` to make a context-less form. - C:\xampp\htdocs\challenger\src\Template\Users\login.ctp, line: 5
 You can disable deprecation warnings by setting `Error.errorLevel` to `E_ALL & ~E_USER_DEPRECATED` in your config/app.php. in [C:\xampp\htdocs\challenger\vendor\cakephp\cakephp\src\Core\functions.php, line 311]
Request URL: /users/login
Referer URL: http://localhost/challenger/users/register
Trace:
Cake\Error\BaseErrorHandler::handleError() - CORE\src\Error\BaseErrorHandler.php, line 168
deprecationWarning - CORE\src\Core\functions.php, line 311
Cake\View\Helper\FormHelper::create() - CORE\src\View\Helper\FormHelper.php, line 410
include - APP/Template\Users\login.ctp, line 5
Cake\View\View::_evaluate() - CORE\src\View\View.php, line 1435
Cake\View\View::_render() - CORE\src\View\View.php, line 1393
Cake\View\View::render() - CORE\src\View\View.php, line 892
Cake\Controller\Controller::render() - CORE\src\Controller\Controller.php, line 791
Cake\Http\ActionDispatcher::_invoke() - CORE\src\Http\ActionDispatcher.php, line 126
Cake\Http\ActionDispatcher::dispatch() - CORE\src\Http\ActionDispatcher.php, line 94
Cake\Http\BaseApplication::__invoke() - CORE\src\Http\BaseApplication.php, line 256
Cake\Http\Runner::__invoke() - CORE\src\Http\Runner.php, line 65
Cake\Http\Runner::__invoke() - CORE\src\Http\Runner.php, line 65
Cake\Http\Middleware\CsrfProtectionMiddleware::__invoke() - CORE\src\Http\Middleware\CsrfProtectionMiddleware.php, line 137
Cake\Http\Runner::__invoke() - CORE\src\Http\Runner.php, line 65
Cake\Http\Runner::run() - CORE\src\Http\Runner.php, line 51
Cake\Routing\Middleware\RoutingMiddleware::__invoke() - CORE\src\Routing\Middleware\RoutingMiddleware.php, line 170
Cake\Http\Runner::__invoke() - CORE\src\Http\Runner.php, line 65
Cake\Routing\Middleware\AssetMiddleware::__invoke() - CORE\src\Routing\Middleware\AssetMiddleware.php, line 88
Cake\Http\Runner::__invoke() - CORE\src\Http\Runner.php, line 65
Cake\Error\Middleware\ErrorHandlerMiddleware::__invoke() - CORE\src\Error\Middleware\ErrorHandlerMiddleware.php, line 100
Cake\Http\Runner::__invoke() - CORE\src\Http\Runner.php, line 65
Cake\Http\Runner::run() - CORE\src\Http\Runner.php, line 51
Cake\Http\Server::run() - CORE\src\Http\Server.php, line 97
[main] - ROOT\webroot\index.php, line 40



2022-10-29 18:41:39 Notice: Deprecated (16384): Using `string` or `bool` for $context is deprecated, use `null` to make a context-less form. - C:\xampp\htdocs\challenger\src\Template\Users\login.ctp, line: 5
 You can disable deprecation warnings by setting `Error.errorLevel` to `E_ALL & ~E_USER_DEPRECATED` in your config/app.php. in [C:\xampp\htdocs\challenger\vendor\cakephp\cakephp\src\Core\functions.php, line 311]
Request URL: /users/login
Referer URL: http://localhost/challenger/users/register
Trace:
Cake\Error\BaseErrorHandler::handleError() - CORE\src\Error\BaseErrorHandler.php, line 168
deprecationWarning - CORE\src\Core\functions.php, line 311
Cake\View\Helper\FormHelper::create() - CORE\src\View\Helper\FormHelper.php, line 410
include - APP/Template\Users\login.ctp, line 5
Cake\View\View::_evaluate() - CORE\src\View\View.php, line 1435
Cake\View\View::_render() - CORE\src\View\View.php, line 1393
Cake\View\View::render() - CORE\src\View\View.php, line 892
Cake\Controller\Controller::render() - CORE\src\Controller\Controller.php, line 791
Cake\Http\ActionDispatcher::_invoke() - CORE\src\Http\ActionDispatcher.php, line 126
Cake\Http\ActionDispatcher::dispatch() - CORE\src\Http\ActionDispatcher.php, line 94
Cake\Http\BaseApplication::__invoke() - CORE\src\Http\BaseApplication.php, line 256
Cake\Http\Runner::__invoke() - CORE\src\Http\Runner.php, line 65
Cake\Http\Runner::__invoke() - CORE\src\Http\Runner.php, line 65
Cake\Http\Middleware\CsrfProtectionMiddleware::__invoke() - CORE\src\Http\Middleware\CsrfProtectionMiddleware.php, line 137
Cake\Http\Runner::__invoke() - CORE\src\Http\Runner.php, line 65
Cake\Http\Runner::run() - CORE\src\Http\Runner.php, line 51
Cake\Routing\Middleware\RoutingMiddleware::__invoke() - CORE\src\Routing\Middleware\RoutingMiddleware.php, line 170
Cake\Http\Runner::__invoke() - CORE\src\Http\Runner.php, line 65
Cake\Routing\Middleware\AssetMiddleware::__invoke() - CORE\src\Routing\Middleware\AssetMiddleware.php, line 88
Cake\Http\Runner::__invoke() - CORE\src\Http\Runner.php, line 65
Cake\Error\Middleware\ErrorHandlerMiddleware::__invoke() - CORE\src\Error\Middleware\ErrorHandlerMiddleware.php, line 100
Cake\Http\Runner::__invoke() - CORE\src\Http\Runner.php, line 65
Cake\Http\Runner::run() - CORE\src\Http\Runner.php, line 51
Cake\Http\Server::run() - CORE\src\Http\Server.php, line 97
[main] - ROOT\webroot\index.php, line 40



2022-10-29 18:41:45 Notice: Deprecated (16384): Using `string` or `bool` for $context is deprecated, use `null` to make a context-less form. - C:\xampp\htdocs\challenger\src\Template\Users\login.ctp, line: 5
 You can disable deprecation warnings by setting `Error.errorLevel` to `E_ALL & ~E_USER_DEPRECATED` in your config/app.php. in [C:\xampp\htdocs\challenger\vendor\cakephp\cakephp\src\Core\functions.php, line 311]
Request URL: /users/login
Referer URL: http://localhost/challenger/users/login
Trace:
Cake\Error\BaseErrorHandler::handleError() - CORE\src\Error\BaseErrorHandler.php, line 168
deprecationWarning - CORE\src\Core\functions.php, line 311
Cake\View\Helper\FormHelper::create() - CORE\src\View\Helper\FormHelper.php, line 410
include - APP/Template\Users\login.ctp, line 5
Cake\View\View::_evaluate() - CORE\src\View\View.php, line 1435
Cake\View\View::_render() - CORE\src\View\View.php, line 1393
Cake\View\View::render() - CORE\src\View\View.php, line 892
Cake\Controller\Controller::render() - CORE\src\Controller\Controller.php, line 791
Cake\Http\ActionDispatcher::_invoke() - CORE\src\Http\ActionDispatcher.php, line 126
Cake\Http\ActionDispatcher::dispatch() - CORE\src\Http\ActionDispatcher.php, line 94
Cake\Http\BaseApplication::__invoke() - CORE\src\Http\BaseApplication.php, line 256
Cake\Http\Runner::__invoke() - CORE\src\Http\Runner.php, line 65
Cake\Http\Runner::__invoke() - CORE\src\Http\Runner.php, line 65
Cake\Http\Middleware\CsrfProtectionMiddleware::__invoke() - CORE\src\Http\Middleware\CsrfProtectionMiddleware.php, line 137
Cake\Http\Runner::__invoke() - CORE\src\Http\Runner.php, line 65
Cake\Http\Runner::run() - CORE\src\Http\Runner.php, line 51
Cake\Routing\Middleware\RoutingMiddleware::__invoke() - CORE\src\Routing\Middleware\RoutingMiddleware.php, line 170
Cake\Http\Runner::__invoke() - CORE\src\Http\Runner.php, line 65
Cake\Routing\Middleware\AssetMiddleware::__invoke() - CORE\src\Routing\Middleware\AssetMiddleware.php, line 88
Cake\Http\Runner::__invoke() - CORE\src\Http\Runner.php, line 65
Cake\Error\Middleware\ErrorHandlerMiddleware::__invoke() - CORE\src\Error\Middleware\ErrorHandlerMiddleware.php, line 100
Cake\Http\Runner::__invoke() - CORE\src\Http\Runner.php, line 65
Cake\Http\Runner::run() - CORE\src\Http\Runner.php, line 51
Cake\Http\Server::run() - CORE\src\Http\Server.php, line 97
[main] - ROOT\webroot\index.php, line 40



2022-10-29 18:41:50 Notice: Deprecated (16384): Using `string` or `bool` for $context is deprecated, use `null` to make a context-less form. - C:\xampp\htdocs\challenger\src\Template\Users\login.ctp, line: 5
 You can disable deprecation warnings by setting `Error.errorLevel` to `E_ALL & ~E_USER_DEPRECATED` in your config/app.php. in [C:\xampp\htdocs\challenger\vendor\cakephp\cakephp\src\Core\functions.php, line 311]
Request URL: /users/login
Referer URL: http://localhost/challenger/users/login
Trace:
Cake\Error\BaseErrorHandler::handleError() - CORE\src\Error\BaseErrorHandler.php, line 168
deprecationWarning - CORE\src\Core\functions.php, line 311
Cake\View\Helper\FormHelper::create() - CORE\src\View\Helper\FormHelper.php, line 410
include - APP/Template\Users\login.ctp, line 5
Cake\View\View::_evaluate() - CORE\src\View\View.php, line 1435
Cake\View\View::_render() - CORE\src\View\View.php, line 1393
Cake\View\View::render() - CORE\src\View\View.php, line 892
Cake\Controller\Controller::render() - CORE\src\Controller\Controller.php, line 791
Cake\Http\ActionDispatcher::_invoke() - CORE\src\Http\ActionDispatcher.php, line 126
Cake\Http\ActionDispatcher::dispatch() - CORE\src\Http\ActionDispatcher.php, line 94
Cake\Http\BaseApplication::__invoke() - CORE\src\Http\BaseApplication.php, line 256
Cake\Http\Runner::__invoke() - CORE\src\Http\Runner.php, line 65
Cake\Http\Runner::__invoke() - CORE\src\Http\Runner.php, line 65
Cake\Http\Middleware\CsrfProtectionMiddleware::__invoke() - CORE\src\Http\Middleware\CsrfProtectionMiddleware.php, line 137
Cake\Http\Runner::__invoke() - CORE\src\Http\Runner.php, line 65
Cake\Http\Runner::run() - CORE\src\Http\Runner.php, line 51
Cake\Routing\Middleware\RoutingMiddleware::__invoke() - CORE\src\Routing\Middleware\RoutingMiddleware.php, line 170
Cake\Http\Runner::__invoke() - CORE\src\Http\Runner.php, line 65
Cake\Routing\Middleware\AssetMiddleware::__invoke() - CORE\src\Routing\Middleware\AssetMiddleware.php, line 88
Cake\Http\Runner::__invoke() - CORE\src\Http\Runner.php, line 65
Cake\Error\Middleware\ErrorHandlerMiddleware::__invoke() - CORE\src\Error\Middleware\ErrorHandlerMiddleware.php, line 100
Cake\Http\Runner::__invoke() - CORE\src\Http\Runner.php, line 65
Cake\Http\Runner::run() - CORE\src\Http\Runner.php, line 51
Cake\Http\Server::run() - CORE\src\Http\Server.php, line 97
[main] - ROOT\webroot\index.php, line 40



2022-10-29 18:42:05 Notice: Deprecated (16384): Using `string` or `bool` for $context is deprecated, use `null` to make a context-less form. - C:\xampp\htdocs\challenger\src\Template\Users\login.ctp, line: 5
 You can disable deprecation warnings by setting `Error.errorLevel` to `E_ALL & ~E_USER_DEPRECATED` in your config/app.php. in [C:\xampp\htdocs\challenger\vendor\cakephp\cakephp\src\Core\functions.php, line 311]
Request URL: /users/login
Referer URL: http://localhost/challenger/users/login
Trace:
Cake\Error\BaseErrorHandler::handleError() - CORE\src\Error\BaseErrorHandler.php, line 168
deprecationWarning - CORE\src\Core\functions.php, line 311
Cake\View\Helper\FormHelper::create() - CORE\src\View\Helper\FormHelper.php, line 410
include - APP/Template\Users\login.ctp, line 5
Cake\View\View::_evaluate() - CORE\src\View\View.php, line 1435
Cake\View\View::_render() - CORE\src\View\View.php, line 1393
Cake\View\View::render() - CORE\src\View\View.php, line 892
Cake\Controller\Controller::render() - CORE\src\Controller\Controller.php, line 791
Cake\Http\ActionDispatcher::_invoke() - CORE\src\Http\ActionDispatcher.php, line 126
Cake\Http\ActionDispatcher::dispatch() - CORE\src\Http\ActionDispatcher.php, line 94
Cake\Http\BaseApplication::__invoke() - CORE\src\Http\BaseApplication.php, line 256
Cake\Http\Runner::__invoke() - CORE\src\Http\Runner.php, line 65
Cake\Http\Runner::__invoke() - CORE\src\Http\Runner.php, line 65
Cake\Http\Middleware\CsrfProtectionMiddleware::__invoke() - CORE\src\Http\Middleware\CsrfProtectionMiddleware.php, line 137
Cake\Http\Runner::__invoke() - CORE\src\Http\Runner.php, line 65
Cake\Http\Runner::run() - CORE\src\Http\Runner.php, line 51
Cake\Routing\Middleware\RoutingMiddleware::__invoke() - CORE\src\Routing\Middleware\RoutingMiddleware.php, line 170
Cake\Http\Runner::__invoke() - CORE\src\Http\Runner.php, line 65
Cake\Routing\Middleware\AssetMiddleware::__invoke() - CORE\src\Routing\Middleware\AssetMiddleware.php, line 88
Cake\Http\Runner::__invoke() - CORE\src\Http\Runner.php, line 65
Cake\Error\Middleware\ErrorHandlerMiddleware::__invoke() - CORE\src\Error\Middleware\ErrorHandlerMiddleware.php, line 100
Cake\Http\Runner::__invoke() - CORE\src\Http\Runner.php, line 65
Cake\Http\Runner::run() - CORE\src\Http\Runner.php, line 51
Cake\Http\Server::run() - CORE\src\Http\Server.php, line 97
[main] - ROOT\webroot\index.php, line 40



2022-10-29 18:42:11 Notice: Deprecated (16384): Using `string` or `bool` for $context is deprecated, use `null` to make a context-less form. - C:\xampp\htdocs\challenger\src\Template\Users\login.ctp, line: 5
 You can disable deprecation warnings by setting `Error.errorLevel` to `E_ALL & ~E_USER_DEPRECATED` in your config/app.php. in [C:\xampp\htdocs\challenger\vendor\cakephp\cakephp\src\Core\functions.php, line 311]
Request URL: /users/login
Referer URL: http://localhost/challenger/users/login
Trace:
Cake\Error\BaseErrorHandler::handleError() - CORE\src\Error\BaseErrorHandler.php, line 168
deprecationWarning - CORE\src\Core\functions.php, line 311
Cake\View\Helper\FormHelper::create() - CORE\src\View\Helper\FormHelper.php, line 410
include - APP/Template\Users\login.ctp, line 5
Cake\View\View::_evaluate() - CORE\src\View\View.php, line 1435
Cake\View\View::_render() - CORE\src\View\View.php, line 1393
Cake\View\View::render() - CORE\src\View\View.php, line 892
Cake\Controller\Controller::render() - CORE\src\Controller\Controller.php, line 791
Cake\Http\ActionDispatcher::_invoke() - CORE\src\Http\ActionDispatcher.php, line 126
Cake\Http\ActionDispatcher::dispatch() - CORE\src\Http\ActionDispatcher.php, line 94
Cake\Http\BaseApplication::__invoke() - CORE\src\Http\BaseApplication.php, line 256
Cake\Http\Runner::__invoke() - CORE\src\Http\Runner.php, line 65
Cake\Http\Runner::__invoke() - CORE\src\Http\Runner.php, line 65
Cake\Http\Middleware\CsrfProtectionMiddleware::__invoke() - CORE\src\Http\Middleware\CsrfProtectionMiddleware.php, line 137
Cake\Http\Runner::__invoke() - CORE\src\Http\Runner.php, line 65
Cake\Http\Runner::run() - CORE\src\Http\Runner.php, line 51
Cake\Routing\Middleware\RoutingMiddleware::__invoke() - CORE\src\Routing\Middleware\RoutingMiddleware.php, line 170
Cake\Http\Runner::__invoke() - CORE\src\Http\Runner.php, line 65
Cake\Routing\Middleware\AssetMiddleware::__invoke() - CORE\src\Routing\Middleware\AssetMiddleware.php, line 88
Cake\Http\Runner::__invoke() - CORE\src\Http\Runner.php, line 65
Cake\Error\Middleware\ErrorHandlerMiddleware::__invoke() - CORE\src\Error\Middleware\ErrorHandlerMiddleware.php, line 100
Cake\Http\Runner::__invoke() - CORE\src\Http\Runner.php, line 65
Cake\Http\Runner::run() - CORE\src\Http\Runner.php, line 51
Cake\Http\Server::run() - CORE\src\Http\Server.php, line 97
[main] - ROOT\webroot\index.php, line 40



2022-10-29 18:42:16 Notice: Deprecated (16384): Using `string` or `bool` for $context is deprecated, use `null` to make a context-less form. - C:\xampp\htdocs\challenger\src\Template\Users\login.ctp, line: 5
 You can disable deprecation warnings by setting `Error.errorLevel` to `E_ALL & ~E_USER_DEPRECATED` in your config/app.php. in [C:\xampp\htdocs\challenger\vendor\cakephp\cakephp\src\Core\functions.php, line 311]
Request URL: /users/login
Referer URL: http://localhost/challenger/users/login
Trace:
Cake\Error\BaseErrorHandler::handleError() - CORE\src\Error\BaseErrorHandler.php, line 168
deprecationWarning - CORE\src\Core\functions.php, line 311
Cake\View\Helper\FormHelper::create() - CORE\src\View\Helper\FormHelper.php, line 410
include - APP/Template\Users\login.ctp, line 5
Cake\View\View::_evaluate() - CORE\src\View\View.php, line 1435
Cake\View\View::_render() - CORE\src\View\View.php, line 1393
Cake\View\View::render() - CORE\src\View\View.php, line 892
Cake\Controller\Controller::render() - CORE\src\Controller\Controller.php, line 791
Cake\Http\ActionDispatcher::_invoke() - CORE\src\Http\ActionDispatcher.php, line 126
Cake\Http\ActionDispatcher::dispatch() - CORE\src\Http\ActionDispatcher.php, line 94
Cake\Http\BaseApplication::__invoke() - CORE\src\Http\BaseApplication.php, line 256
Cake\Http\Runner::__invoke() - CORE\src\Http\Runner.php, line 65
Cake\Http\Runner::__invoke() - CORE\src\Http\Runner.php, line 65
Cake\Http\Middleware\CsrfProtectionMiddleware::__invoke() - CORE\src\Http\Middleware\CsrfProtectionMiddleware.php, line 137
Cake\Http\Runner::__invoke() - CORE\src\Http\Runner.php, line 65
Cake\Http\Runner::run() - CORE\src\Http\Runner.php, line 51
Cake\Routing\Middleware\RoutingMiddleware::__invoke() - CORE\src\Routing\Middleware\RoutingMiddleware.php, line 170
Cake\Http\Runner::__invoke() - CORE\src\Http\Runner.php, line 65
Cake\Routing\Middleware\AssetMiddleware::__invoke() - CORE\src\Routing\Middleware\AssetMiddleware.php, line 88
Cake\Http\Runner::__invoke() - CORE\src\Http\Runner.php, line 65
Cake\Error\Middleware\ErrorHandlerMiddleware::__invoke() - CORE\src\Error\Middleware\ErrorHandlerMiddleware.php, line 100
Cake\Http\Runner::__invoke() - CORE\src\Http\Runner.php, line 65
Cake\Http\Runner::run() - CORE\src\Http\Runner.php, line 51
Cake\Http\Server::run() - CORE\src\Http\Server.php, line 97
[main] - ROOT\webroot\index.php, line 40



2022-10-29 18:42:46 Notice: Deprecated (16384): Using `string` or `bool` for $context is deprecated, use `null` to make a context-less form. - C:\xampp\htdocs\challenger\src\Template\Users\login.ctp, line: 5
 You can disable deprecation warnings by setting `Error.errorLevel` to `E_ALL & ~E_USER_DEPRECATED` in your config/app.php. in [C:\xampp\htdocs\challenger\vendor\cakephp\cakephp\src\Core\functions.php, line 311]
Request URL: /users/login
Referer URL: http://localhost/challenger/users/login
Trace:
Cake\Error\BaseErrorHandler::handleError() - CORE\src\Error\BaseErrorHandler.php, line 168
deprecationWarning - CORE\src\Core\functions.php, line 311
Cake\View\Helper\FormHelper::create() - CORE\src\View\Helper\FormHelper.php, line 410
include - APP/Template\Users\login.ctp, line 5
Cake\View\View::_evaluate() - CORE\src\View\View.php, line 1435
Cake\View\View::_render() - CORE\src\View\View.php, line 1393
Cake\View\View::render() - CORE\src\View\View.php, line 892
Cake\Controller\Controller::render() - CORE\src\Controller\Controller.php, line 791
Cake\Http\ActionDispatcher::_invoke() - CORE\src\Http\ActionDispatcher.php, line 126
Cake\Http\ActionDispatcher::dispatch() - CORE\src\Http\ActionDispatcher.php, line 94
Cake\Http\BaseApplication::__invoke() - CORE\src\Http\BaseApplication.php, line 256
Cake\Http\Runner::__invoke() - CORE\src\Http\Runner.php, line 65
Cake\Http\Runner::__invoke() - CORE\src\Http\Runner.php, line 65
Cake\Http\Middleware\CsrfProtectionMiddleware::__invoke() - CORE\src\Http\Middleware\CsrfProtectionMiddleware.php, line 137
Cake\Http\Runner::__invoke() - CORE\src\Http\Runner.php, line 65
Cake\Http\Runner::run() - CORE\src\Http\Runner.php, line 51
Cake\Routing\Middleware\RoutingMiddleware::__invoke() - CORE\src\Routing\Middleware\RoutingMiddleware.php, line 170
Cake\Http\Runner::__invoke() - CORE\src\Http\Runner.php, line 65
Cake\Routing\Middleware\AssetMiddleware::__invoke() - CORE\src\Routing\Middleware\AssetMiddleware.php, line 88
Cake\Http\Runner::__invoke() - CORE\src\Http\Runner.php, line 65
Cake\Error\Middleware\ErrorHandlerMiddleware::__invoke() - CORE\src\Error\Middleware\ErrorHandlerMiddleware.php, line 100
Cake\Http\Runner::__invoke() - CORE\src\Http\Runner.php, line 65
Cake\Http\Runner::run() - CORE\src\Http\Runner.php, line 51
Cake\Http\Server::run() - CORE\src\Http\Server.php, line 97
[main] - ROOT\webroot\index.php, line 40



2022-10-29 18:43:34 Notice: Deprecated (16384): Using `string` or `bool` for $context is deprecated, use `null` to make a context-less form. - C:\xampp\htdocs\challenger\src\Template\Users\login.ctp, line: 5
 You can disable deprecation warnings by setting `Error.errorLevel` to `E_ALL & ~E_USER_DEPRECATED` in your config/app.php. in [C:\xampp\htdocs\challenger\vendor\cakephp\cakephp\src\Core\functions.php, line 311]
Request URL: /users/login
Referer URL: http://localhost/challenger/users/login
Trace:
Cake\Error\BaseErrorHandler::handleError() - CORE\src\Error\BaseErrorHandler.php, line 168
deprecationWarning - CORE\src\Core\functions.php, line 311
Cake\View\Helper\FormHelper::create() - CORE\src\View\Helper\FormHelper.php, line 410
include - APP/Template\Users\login.ctp, line 5
Cake\View\View::_evaluate() - CORE\src\View\View.php, line 1435
Cake\View\View::_render() - CORE\src\View\View.php, line 1393
Cake\View\View::render() - CORE\src\View\View.php, line 892
Cake\Controller\Controller::render() - CORE\src\Controller\Controller.php, line 791
Cake\Http\ActionDispatcher::_invoke() - CORE\src\Http\ActionDispatcher.php, line 126
Cake\Http\ActionDispatcher::dispatch() - CORE\src\Http\ActionDispatcher.php, line 94
Cake\Http\BaseApplication::__invoke() - CORE\src\Http\BaseApplication.php, line 256
Cake\Http\Runner::__invoke() - CORE\src\Http\Runner.php, line 65
Cake\Http\Runner::__invoke() - CORE\src\Http\Runner.php, line 65
Cake\Http\Middleware\CsrfProtectionMiddleware::__invoke() - CORE\src\Http\Middleware\CsrfProtectionMiddleware.php, line 137
Cake\Http\Runner::__invoke() - CORE\src\Http\Runner.php, line 65
Cake\Http\Runner::run() - CORE\src\Http\Runner.php, line 51
Cake\Routing\Middleware\RoutingMiddleware::__invoke() - CORE\src\Routing\Middleware\RoutingMiddleware.php, line 170
Cake\Http\Runner::__invoke() - CORE\src\Http\Runner.php, line 65
Cake\Routing\Middleware\AssetMiddleware::__invoke() - CORE\src\Routing\Middleware\AssetMiddleware.php, line 88
Cake\Http\Runner::__invoke() - CORE\src\Http\Runner.php, line 65
Cake\Error\Middleware\ErrorHandlerMiddleware::__invoke() - CORE\src\Error\Middleware\ErrorHandlerMiddleware.php, line 100
Cake\Http\Runner::__invoke() - CORE\src\Http\Runner.php, line 65
Cake\Http\Runner::run() - CORE\src\Http\Runner.php, line 51
Cake\Http\Server::run() - CORE\src\Http\Server.php, line 97
[main] - ROOT\webroot\index.php, line 40



2022-10-29 18:43:39 Notice: Deprecated (16384): Using `string` or `bool` for $context is deprecated, use `null` to make a context-less form. - C:\xampp\htdocs\challenger\src\Template\Users\login.ctp, line: 5
 You can disable deprecation warnings by setting `Error.errorLevel` to `E_ALL & ~E_USER_DEPRECATED` in your config/app.php. in [C:\xampp\htdocs\challenger\vendor\cakephp\cakephp\src\Core\functions.php, line 311]
Request URL: /users/login
Referer URL: http://localhost/challenger/users/login
Trace:
Cake\Error\BaseErrorHandler::handleError() - CORE\src\Error\BaseErrorHandler.php, line 168
deprecationWarning - CORE\src\Core\functions.php, line 311
Cake\View\Helper\FormHelper::create() - CORE\src\View\Helper\FormHelper.php, line 410
include - APP/Template\Users\login.ctp, line 5
Cake\View\View::_evaluate() - CORE\src\View\View.php, line 1435
Cake\View\View::_render() - CORE\src\View\View.php, line 1393
Cake\View\View::render() - CORE\src\View\View.php, line 892
Cake\Controller\Controller::render() - CORE\src\Controller\Controller.php, line 791
Cake\Http\ActionDispatcher::_invoke() - CORE\src\Http\ActionDispatcher.php, line 126
Cake\Http\ActionDispatcher::dispatch() - CORE\src\Http\ActionDispatcher.php, line 94
Cake\Http\BaseApplication::__invoke() - CORE\src\Http\BaseApplication.php, line 256
Cake\Http\Runner::__invoke() - CORE\src\Http\Runner.php, line 65
Cake\Http\Runner::__invoke() - CORE\src\Http\Runner.php, line 65
Cake\Http\Middleware\CsrfProtectionMiddleware::__invoke() - CORE\src\Http\Middleware\CsrfProtectionMiddleware.php, line 137
Cake\Http\Runner::__invoke() - CORE\src\Http\Runner.php, line 65
Cake\Http\Runner::run() - CORE\src\Http\Runner.php, line 51
Cake\Routing\Middleware\RoutingMiddleware::__invoke() - CORE\src\Routing\Middleware\RoutingMiddleware.php, line 170
Cake\Http\Runner::__invoke() - CORE\src\Http\Runner.php, line 65
Cake\Routing\Middleware\AssetMiddleware::__invoke() - CORE\src\Routing\Middleware\AssetMiddleware.php, line 88
Cake\Http\Runner::__invoke() - CORE\src\Http\Runner.php, line 65
Cake\Error\Middleware\ErrorHandlerMiddleware::__invoke() - CORE\src\Error\Middleware\ErrorHandlerMiddleware.php, line 100
Cake\Http\Runner::__invoke() - CORE\src\Http\Runner.php, line 65
Cake\Http\Runner::run() - CORE\src\Http\Runner.php, line 51
Cake\Http\Server::run() - CORE\src\Http\Server.php, line 97
[main] - ROOT\webroot\index.php, line 40



2022-10-29 18:43:41 Notice: Deprecated (16384): Using `string` or `bool` for $context is deprecated, use `null` to make a context-less form. - C:\xampp\htdocs\challenger\src\Template\Users\login.ctp, line: 5
 You can disable deprecation warnings by setting `Error.errorLevel` to `E_ALL & ~E_USER_DEPRECATED` in your config/app.php. in [C:\xampp\htdocs\challenger\vendor\cakephp\cakephp\src\Core\functions.php, line 311]
Request URL: /users/login
Referer URL: http://localhost/challenger/users/login
Trace:
Cake\Error\BaseErrorHandler::handleError() - CORE\src\Error\BaseErrorHandler.php, line 168
deprecationWarning - CORE\src\Core\functions.php, line 311
Cake\View\Helper\FormHelper::create() - CORE\src\View\Helper\FormHelper.php, line 410
include - APP/Template\Users\login.ctp, line 5
Cake\View\View::_evaluate() - CORE\src\View\View.php, line 1435
Cake\View\View::_render() - CORE\src\View\View.php, line 1393
Cake\View\View::render() - CORE\src\View\View.php, line 892
Cake\Controller\Controller::render() - CORE\src\Controller\Controller.php, line 791
Cake\Http\ActionDispatcher::_invoke() - CORE\src\Http\ActionDispatcher.php, line 126
Cake\Http\ActionDispatcher::dispatch() - CORE\src\Http\ActionDispatcher.php, line 94
Cake\Http\BaseApplication::__invoke() - CORE\src\Http\BaseApplication.php, line 256
Cake\Http\Runner::__invoke() - CORE\src\Http\Runner.php, line 65
Cake\Http\Runner::__invoke() - CORE\src\Http\Runner.php, line 65
Cake\Http\Middleware\CsrfProtectionMiddleware::__invoke() - CORE\src\Http\Middleware\CsrfProtectionMiddleware.php, line 137
Cake\Http\Runner::__invoke() - CORE\src\Http\Runner.php, line 65
Cake\Http\Runner::run() - CORE\src\Http\Runner.php, line 51
Cake\Routing\Middleware\RoutingMiddleware::__invoke() - CORE\src\Routing\Middleware\RoutingMiddleware.php, line 170
Cake\Http\Runner::__invoke() - CORE\src\Http\Runner.php, line 65
Cake\Routing\Middleware\AssetMiddleware::__invoke() - CORE\src\Routing\Middleware\AssetMiddleware.php, line 88
Cake\Http\Runner::__invoke() - CORE\src\Http\Runner.php, line 65
Cake\Error\Middleware\ErrorHandlerMiddleware::__invoke() - CORE\src\Error\Middleware\ErrorHandlerMiddleware.php, line 100
Cake\Http\Runner::__invoke() - CORE\src\Http\Runner.php, line 65
Cake\Http\Runner::run() - CORE\src\Http\Runner.php, line 51
Cake\Http\Server::run() - CORE\src\Http\Server.php, line 97
[main] - ROOT\webroot\index.php, line 40



2022-10-29 18:43:43 Notice: Deprecated (16384): Using `string` or `bool` for $context is deprecated, use `null` to make a context-less form. - C:\xampp\htdocs\challenger\src\Template\Users\login.ctp, line: 5
 You can disable deprecation warnings by setting `Error.errorLevel` to `E_ALL & ~E_USER_DEPRECATED` in your config/app.php. in [C:\xampp\htdocs\challenger\vendor\cakephp\cakephp\src\Core\functions.php, line 311]
Request URL: /users/login
Referer URL: http://localhost/challenger/users/login
Trace:
Cake\Error\BaseErrorHandler::handleError() - CORE\src\Error\BaseErrorHandler.php, line 168
deprecationWarning - CORE\src\Core\functions.php, line 311
Cake\View\Helper\FormHelper::create() - CORE\src\View\Helper\FormHelper.php, line 410
include - APP/Template\Users\login.ctp, line 5
Cake\View\View::_evaluate() - CORE\src\View\View.php, line 1435
Cake\View\View::_render() - CORE\src\View\View.php, line 1393
Cake\View\View::render() - CORE\src\View\View.php, line 892
Cake\Controller\Controller::render() - CORE\src\Controller\Controller.php, line 791
Cake\Http\ActionDispatcher::_invoke() - CORE\src\Http\ActionDispatcher.php, line 126
Cake\Http\ActionDispatcher::dispatch() - CORE\src\Http\ActionDispatcher.php, line 94
Cake\Http\BaseApplication::__invoke() - CORE\src\Http\BaseApplication.php, line 256
Cake\Http\Runner::__invoke() - CORE\src\Http\Runner.php, line 65
Cake\Http\Runner::__invoke() - CORE\src\Http\Runner.php, line 65
Cake\Http\Middleware\CsrfProtectionMiddleware::__invoke() - CORE\src\Http\Middleware\CsrfProtectionMiddleware.php, line 137
Cake\Http\Runner::__invoke() - CORE\src\Http\Runner.php, line 65
Cake\Http\Runner::run() - CORE\src\Http\Runner.php, line 51
Cake\Routing\Middleware\RoutingMiddleware::__invoke() - CORE\src\Routing\Middleware\RoutingMiddleware.php, line 170
Cake\Http\Runner::__invoke() - CORE\src\Http\Runner.php, line 65
Cake\Routing\Middleware\AssetMiddleware::__invoke() - CORE\src\Routing\Middleware\AssetMiddleware.php, line 88
Cake\Http\Runner::__invoke() - CORE\src\Http\Runner.php, line 65
Cake\Error\Middleware\ErrorHandlerMiddleware::__invoke() - CORE\src\Error\Middleware\ErrorHandlerMiddleware.php, line 100
Cake\Http\Runner::__invoke() - CORE\src\Http\Runner.php, line 65
Cake\Http\Runner::run() - CORE\src\Http\Runner.php, line 51
Cake\Http\Server::run() - CORE\src\Http\Server.php, line 97
[main] - ROOT\webroot\index.php, line 40



